<?xml version="1.0" encoding="UTF-8"?>
<!-- Generated by org.testng.reporters.JUnitXMLReporter -->
<testsuite hostname="NamTH2-PC2" ignored="0" name="Login" tests="1" failures="0" timestamp="23 May 2018 03:57:20 GMT" time="3.361" errors="0">
  <testcase name="@BeforeMethod beforeBaseMethod" time="0.0" classname="ShoppingFlow.initiations.TestBase">
    <failure type="org.json.JSONException" message="JSONObject[&amp;quot;product01&amp;quot;] not found.">
      <![CDATA[org.json.JSONException: JSONObject["product01"] not found.
	at org.json.JSONObject.get(JSONObject.java:471)
	at org.json.JSONObject.getString(JSONObject.java:717)
	at ShoppingFlow.initiations.TestConfigurations.setTestData(TestConfigurations.java:306)
	at automationLibrary.drivers.DriverWeb.initBrowser(DriverWeb.java:146)
	at ShoppingFlow.initiations.TestBase.beforeBaseMethod(TestBase.java:130)
... Removed 27 stack frames]]>
    </failure>
  </testcase> <!-- @BeforeMethod beforeBaseMethod -->
  <testcase name="@AfterMethod afterMethodClass" time="0.0" classname="ShoppingFlow.initiations.TestBase">
    <skipped/>
  </testcase> <!-- @AfterMethod afterMethodClass -->
  <testcase name="C01_LoginFromMenuBar" time="0.006" classname="login.LoginFromMenuBar">
    <skipped/>
  </testcase> <!-- C01_LoginFromMenuBar -->
</testsuite> <!-- Login -->
