<?xml version="1.0" encoding="UTF-8"?>
<!-- Generated by org.testng.reporters.JUnitReportReporter -->
<testsuite name="order.createOrderByAddingProductToCart.CreateOrderFromShopByAddingProductToCart_ProductWithDifferentAttribute_NotLogin_COD" tests="1" time="189.409" ignored="0" failures="0" timestamp="07 Mar 2018 03:27:31 GMT" skipped="0" hostname="NamTH2-PC2" errors="1">
  <testcase name="C007_CreateOrderFromShopByAddingProductToCart_ProductWithDifferentAttribute_NotLogin_COD" time="189.409" classname="order.createOrderByAddingProductToCart.CreateOrderFromShopByAddingProductToCart_ProductWithDifferentAttribute_NotLogin_COD">
    <error type="java.lang.IllegalArgumentException" message="bound must be positive">
      <![CDATA[java.lang.IllegalArgumentException: bound must be positive
	at java.util.Random.nextInt(Unknown Source)
	at ShoppingFlow.actions.Action.selectRandomCarrier(Action.java:825)
	at ShoppingFlow.actions.Action.checkout(Action.java:708)
	at ShoppingFlow.actions.Action.checkOutOrder(Action.java:1211)
	at order.createOrderByAddingProductToCart.CreateOrderFromShopByAddingProductToCart_ProductWithDifferentAttribute_NotLogin_COD.C007_CreateOrderFromShopByAddingProductToCart_ProductWithDifferentAttribute_NotLogin_COD(CreateOrderFromShopByAddingProductToCart_ProductWithDifferentAttribute_NotLogin_COD.java:61)
	at sun.reflect.NativeMethodAccessorImpl.invoke0(Native Method)
	at sun.reflect.NativeMethodAccessorImpl.invoke(Unknown Source)
	at sun.reflect.DelegatingMethodAccessorImpl.invoke(Unknown Source)
	at java.lang.reflect.Method.invoke(Unknown Source)
	at org.testng.internal.MethodInvocationHelper.invokeMethod(MethodInvocationHelper.java:104)
	at org.testng.internal.Invoker.invokeMethod(Invoker.java:645)
	at org.testng.internal.Invoker.invokeTestMethod(Invoker.java:851)
	at org.testng.internal.Invoker.invokeTestMethods(Invoker.java:1177)
	at org.testng.internal.TestMethodWorker.invokeTestMethods(TestMethodWorker.java:129)
	at org.testng.internal.TestMethodWorker.run(TestMethodWorker.java:112)
	at org.testng.TestRunner.privateRun(TestRunner.java:756)
	at org.testng.TestRunner.run(TestRunner.java:610)
	at org.testng.SuiteRunner.runTest(SuiteRunner.java:387)
	at org.testng.SuiteRunner.runSequentially(SuiteRunner.java:382)
	at org.testng.SuiteRunner.privateRun(SuiteRunner.java:340)
	at org.testng.SuiteRunner.run(SuiteRunner.java:289)
	at org.testng.SuiteRunnerWorker.runSuite(SuiteRunnerWorker.java:52)
	at org.testng.SuiteRunnerWorker.run(SuiteRunnerWorker.java:86)
	at org.testng.TestNG.runSuitesSequentially(TestNG.java:1293)
	at org.testng.TestNG.runSuitesLocally(TestNG.java:1218)
	at org.testng.TestNG.runSuites(TestNG.java:1133)
	at org.testng.TestNG.run(TestNG.java:1104)
	at org.testng.remote.AbstractRemoteTestNG.run(AbstractRemoteTestNG.java:132)
	at org.testng.remote.RemoteTestNG.initAndRun(RemoteTestNG.java:230)
	at org.testng.remote.RemoteTestNG.main(RemoteTestNG.java:76)
]]>
    </error>
  </testcase> <!-- C007_CreateOrderFromShopByAddingProductToCart_ProductWithDifferentAttribute_NotLogin_COD -->
</testsuite> <!-- order.createOrderByAddingProductToCart.CreateOrderFromShopByAddingProductToCart_ProductWithDifferentAttribute_NotLogin_COD -->
